<?xml version="1.0" encoding="UTF-8"?>
<testsuite name="com.haneul.medassist.api.ApiControllerTest" tests="4" skipped="0" failures="0" errors="0" timestamp="2026-08-05T18:14:33" hostname="gimseung-gyeom-ui-MacBookAir.local" time="0.518">
  <properties/>
  <testcase name="otherDemoUserCannotReadResources()" classname="com.haneul.medassist.api.ApiControllerTest" time="0.466"/>
  <testcase name="prescriptionRequiresBothValidImages()" classname="com.haneul.medassist.api.ApiControllerTest" time="0.01"/>
  <testcase name="homeReturnsSeedDataAndSafetyDisclaimer()" classname="com.haneul.medassist.api.ApiControllerTest" time="0.028"/>
  <testcase name="validTwoSidedUploadNeedsConfirmation()" classname="com.haneul.medassist.api.ApiControllerTest" time="0.012"/>
  <system-out><![CDATA[03:14:29.338 [Test worker] INFO org.springframework.test.context.support.AnnotationConfigContextLoaderUtils -- Could not detect default configuration classes for test class [com.haneul.medassist.api.ApiControllerTest]: ApiControllerTest does not declare any static, non-private, non-final, nested classes annotated with @Configuration.
03:14:29.489 [Test worker] INFO org.springframework.boot.test.context.SpringBootTestContextBootstrapper -- Found @SpringBootConfiguration com.haneul.medassist.MedAssistApplication for test class com.haneul.medassist.api.ApiControllerTest

  .   ____          _            __ _ _
 /\\ / ___'_ __ _ _(_)_ __  __ _ \ \ \ \
( ( )\___ | '_ | '_| | '_ \/ _` | \ \ \ \
 \\/  ___)| |_)| | | | | || (_| |  ) ) ) )
  '  |____| .__|_| |_|_| |_\__, | / / / /
 =========|_|==============|___/=/_/_/_/

 :: Spring Boot ::               (v3.5.14)

2026-08-06T03:14:29.932+09:00  INFO 50735 --- [med-assist-server] [    Test worker] c.h.medassist.api.ApiControllerTest      : Starting ApiControllerTest using Java 21.0.11 with PID 50735 (started by k_tmdrua in /Volumes/tmdruaSSD/AndroidStudio/AX해커톤)
2026-08-06T03:14:29.934+09:00  INFO 50735 --- [med-assist-server] [    Test worker] c.h.medassist.api.ApiControllerTest      : No active profile set, falling back to 1 default profile: "mock"
2026-08-06T03:14:30.746+09:00  INFO 50735 --- [med-assist-server] [    Test worker] .s.d.r.c.RepositoryConfigurationDelegate : Bootstrapping Spring Data JPA repositories in DEFAULT mode.
2026-08-06T03:14:30.762+09:00  INFO 50735 --- [med-assist-server] [    Test worker] .s.d.r.c.RepositoryConfigurationDelegate : Finished Spring Data repository scanning in 8 ms. Found 0 JPA repository interfaces.
2026-08-06T03:14:31.148+09:00  INFO 50735 --- [med-assist-server] [    Test worker] com.zaxxer.hikari.HikariDataSource       : HikariPool-1 - Starting...
2026-08-06T03:14:31.271+09:00  INFO 50735 --- [med-assist-server] [    Test worker] com.zaxxer.hikari.pool.HikariPool        : HikariPool-1 - Added connection conn0: url=jdbc:h2:mem:medassist user=SA
2026-08-06T03:14:31.272+09:00  INFO 50735 --- [med-assist-server] [    Test worker] com.zaxxer.hikari.HikariDataSource       : HikariPool-1 - Start completed.
2026-08-06T03:14:31.298+09:00  INFO 50735 --- [med-assist-server] [    Test worker] org.flywaydb.core.FlywayExecutor         : Database: jdbc:h2:mem:medassist (H2 2.3)
2026-08-06T03:14:31.313+09:00  INFO 50735 --- [med-assist-server] [    Test worker] o.f.c.i.s.JdbcTableSchemaHistory         : Schema history table "public"."flyway_schema_history" does not exist yet
2026-08-06T03:14:31.314+09:00  INFO 50735 --- [med-assist-server] [    Test worker] o.f.core.internal.command.DbValidate     : Successfully validated 1 migration (execution time 00:00.006s)
2026-08-06T03:14:31.319+09:00  INFO 50735 --- [med-assist-server] [    Test worker] o.f.c.i.s.JdbcTableSchemaHistory         : Creating Schema History table "public"."flyway_schema_history" ...
2026-08-06T03:14:31.339+09:00  INFO 50735 --- [med-assist-server] [    Test worker] o.f.core.internal.command.DbMigrate      : Current version of schema "public": << Empty Schema >>
2026-08-06T03:14:31.348+09:00  INFO 50735 --- [med-assist-server] [    Test worker] o.f.core.internal.command.DbMigrate      : Migrating schema "public" to version "1 - initial schema"
2026-08-06T03:14:31.373+09:00  INFO 50735 --- [med-assist-server] [    Test worker] o.f.core.internal.command.DbMigrate      : Successfully applied 1 migration to schema "public", now at version v1 (execution time 00:00.016s)
2026-08-06T03:14:31.426+09:00  INFO 50735 --- [med-assist-server] [    Test worker] o.hibernate.jpa.internal.util.LogHelper  : HHH000204: Processing PersistenceUnitInfo [name: default]
2026-08-06T03:14:31.475+09:00  INFO 50735 --- [med-assist-server] [    Test worker] org.hibernate.Version                    : HHH000412: Hibernate ORM core version 6.6.49.Final
2026-08-06T03:14:31.498+09:00  INFO 50735 --- [med-assist-server] [    Test worker] o.h.c.internal.RegionFactoryInitiator    : HHH000026: Second-level cache disabled
2026-08-06T03:14:31.690+09:00  INFO 50735 --- [med-assist-server] [    Test worker] o.s.o.j.p.SpringPersistenceUnitInfo      : No LoadTimeWeaver setup: ignoring JPA class transformer
2026-08-06T03:14:31.719+09:00  WARN 50735 --- [med-assist-server] [    Test worker] org.hibernate.orm.deprecation            : HHH90000025: H2Dialect does not need to be specified explicitly using 'hibernate.dialect' (remove the property setting and it will be selected by default)
2026-08-06T03:14:31.726+09:00  INFO 50735 --- [med-assist-server] [    Test worker] org.hibernate.orm.connections.pooling    : HHH10001005: Database info:
	Database JDBC URL [Connecting through datasource 'HikariDataSource (HikariPool-1)']
	Database driver: undefined/unknown
	Database version: 2.3.232
	Autocommit mode: undefined/unknown
	Isolation level: undefined/unknown
	Minimum pool size: undefined/unknown
	Maximum pool size: undefined/unknown
2026-08-06T03:14:32.010+09:00  INFO 50735 --- [med-assist-server] [    Test worker] o.h.e.t.j.p.i.JtaPlatformInitiator       : HHH000489: No JTA platform available (set 'hibernate.transaction.jta.platform' to enable JTA platform integration)
2026-08-06T03:14:32.013+09:00  INFO 50735 --- [med-assist-server] [    Test worker] j.LocalContainerEntityManagerFactoryBean : Initialized JPA EntityManagerFactory for persistence unit 'default'
2026-08-06T03:14:32.296+09:00  WARN 50735 --- [med-assist-server] [    Test worker] .s.s.UserDetailsServiceAutoConfiguration : 

Using generated security password: c1e78c76-f5b9-4b03-941b-098776b16a71

This generated password is for development use only. Your security configuration must be updated before running your application in production.

2026-08-06T03:14:32.305+09:00  INFO 50735 --- [med-assist-server] [    Test worker] r$InitializeUserDetailsManagerConfigurer : Global AuthenticationManager configured with UserDetailsService bean with name inMemoryUserDetailsManager
2026-08-06T03:14:33.168+09:00  INFO 50735 --- [med-assist-server] [    Test worker] o.s.b.a.e.web.EndpointLinksResolver      : Exposing 3 endpoints beneath base path '/actuator'
2026-08-06T03:14:33.203+09:00 DEBUG 50735 --- [med-assist-server] [    Test worker] o.s.b.w.s.ServletContextInitializerBeans : Mapping filters: webMvcObservationFilter urls=[/*] order=-2147483647, springSecurityFilterChain urls=[/*] order=-100, characterEncodingFilter urls=[/*] order=-2147483648, formContentFilter urls=[/*] order=-9900, requestContextFilter urls=[/*] order=-105
2026-08-06T03:14:33.203+09:00 DEBUG 50735 --- [med-assist-server] [    Test worker] o.s.b.w.s.ServletContextInitializerBeans : Mapping servlets: 
2026-08-06T03:14:33.218+09:00  INFO 50735 --- [med-assist-server] [    Test worker] o.s.b.t.m.w.SpringBootMockServletContext : Initializing Spring TestDispatcherServlet ''
2026-08-06T03:14:33.218+09:00  INFO 50735 --- [med-assist-server] [    Test worker] o.s.t.web.servlet.TestDispatcherServlet  : Initializing Servlet ''
2026-08-06T03:14:33.219+09:00  INFO 50735 --- [med-assist-server] [    Test worker] o.s.t.web.servlet.TestDispatcherServlet  : Completed initialization in 1 ms
2026-08-06T03:14:33.314+09:00  INFO 50735 --- [med-assist-server] [    Test worker] c.h.medassist.api.ApiControllerTest      : Started ApiControllerTest in 3.745 seconds (process running for 4.613)
]]></system-out>
  <system-err><![CDATA[Mockito is currently self-attaching to enable the inline-mock-maker. This will no longer work in future releases of the JDK. Please add Mockito as an agent to your build as described in Mockito's documentation: https://javadoc.io/doc/org.mockito/mockito-core/latest/org.mockito/org/mockito/Mockito.html#0.3
WARNING: A Java agent has been loaded dynamically (/Volumes/tmdruaSSD/AndroidStudio/AX해커톤/.gradle-user-home/caches/modules-2/files-2.1/net.bytebuddy/byte-buddy-agent/1.17.8/f09415827a71be7ed621c7bd02550678f28bc81c/byte-buddy-agent-1.17.8.jar)
WARNING: If a serviceability tool is in use, please run with -XX:+EnableDynamicAgentLoading to hide this warning
WARNING: If a serviceability tool is not in use, please run with -Djdk.instrument.traceUsage for more information
WARNING: Dynamic loading of agents will be disallowed by default in a future release
]]></system-err>
</testsuite>
