<?xml version="1.0" encoding="UTF-8"?>
<testsuite name="com.haneul.medassist.api.ApiControllerTest" tests="4" skipped="0" failures="0" errors="0" timestamp="2026-08-03T15:38:59" hostname="gimseung-gyeom-ui-MacBookAir.local" time="0.358">
  <properties/>
  <testcase name="otherDemoUserCannotReadResources()" classname="com.haneul.medassist.api.ApiControllerTest" time="0.322"/>
  <testcase name="prescriptionRequiresBothValidImages()" classname="com.haneul.medassist.api.ApiControllerTest" time="0.007"/>
  <testcase name="homeReturnsSeedDataAndSafetyDisclaimer()" classname="com.haneul.medassist.api.ApiControllerTest" time="0.018"/>
  <testcase name="validTwoSidedUploadNeedsConfirmation()" classname="com.haneul.medassist.api.ApiControllerTest" time="0.009"/>
  <system-out><![CDATA[00:38:57.174 [Test worker] INFO org.springframework.test.context.support.AnnotationConfigContextLoaderUtils -- Could not detect default configuration classes for test class [com.haneul.medassist.api.ApiControllerTest]: ApiControllerTest does not declare any static, non-private, non-final, nested classes annotated with @Configuration.
00:38:57.236 [Test worker] INFO org.springframework.boot.test.context.SpringBootTestContextBootstrapper -- Found @SpringBootConfiguration com.haneul.medassist.MedAssistApplication for test class com.haneul.medassist.api.ApiControllerTest

  .   ____          _            __ _ _
 /\\ / ___'_ __ _ _(_)_ __  __ _ \ \ \ \
( ( )\___ | '_ | '_| | '_ \/ _` | \ \ \ \
 \\/  ___)| |_)| | | | | || (_| |  ) ) ) )
  '  |____| .__|_| |_|_| |_\__, | / / / /
 =========|_|==============|___/=/_/_/_/

 :: Spring Boot ::               (v3.5.14)

2026-08-04T00:38:57.405+09:00  INFO 12788 --- [med-assist-server] [    Test worker] c.h.medassist.api.ApiControllerTest      : Starting ApiControllerTest using Java 21.0.11 with PID 12788 (started by k_tmdrua in /Users/k_tmdrua/Documents/AX해커톤/server)
2026-08-04T00:38:57.406+09:00  INFO 12788 --- [med-assist-server] [    Test worker] c.h.medassist.api.ApiControllerTest      : No active profile set, falling back to 1 default profile: "mock"
2026-08-04T00:38:57.828+09:00  INFO 12788 --- [med-assist-server] [    Test worker] .s.d.r.c.RepositoryConfigurationDelegate : Bootstrapping Spring Data JPA repositories in DEFAULT mode.
2026-08-04T00:38:57.838+09:00  INFO 12788 --- [med-assist-server] [    Test worker] .s.d.r.c.RepositoryConfigurationDelegate : Finished Spring Data repository scanning in 6 ms. Found 0 JPA repository interfaces.
2026-08-04T00:38:58.076+09:00  INFO 12788 --- [med-assist-server] [    Test worker] com.zaxxer.hikari.HikariDataSource       : HikariPool-1 - Starting...
2026-08-04T00:38:58.143+09:00  INFO 12788 --- [med-assist-server] [    Test worker] com.zaxxer.hikari.pool.HikariPool        : HikariPool-1 - Added connection conn0: url=jdbc:h2:mem:medassist user=SA
2026-08-04T00:38:58.144+09:00  INFO 12788 --- [med-assist-server] [    Test worker] com.zaxxer.hikari.HikariDataSource       : HikariPool-1 - Start completed.
2026-08-04T00:38:58.162+09:00  INFO 12788 --- [med-assist-server] [    Test worker] org.flywaydb.core.FlywayExecutor         : Database: jdbc:h2:mem:medassist (H2 2.3)
2026-08-04T00:38:58.172+09:00  INFO 12788 --- [med-assist-server] [    Test worker] o.f.c.i.s.JdbcTableSchemaHistory         : Schema history table "public"."flyway_schema_history" does not exist yet
2026-08-04T00:38:58.173+09:00  INFO 12788 --- [med-assist-server] [    Test worker] o.f.core.internal.command.DbValidate     : Successfully validated 1 migration (execution time 00:00.004s)
2026-08-04T00:38:58.176+09:00  INFO 12788 --- [med-assist-server] [    Test worker] o.f.c.i.s.JdbcTableSchemaHistory         : Creating Schema History table "public"."flyway_schema_history" ...
2026-08-04T00:38:58.189+09:00  INFO 12788 --- [med-assist-server] [    Test worker] o.f.core.internal.command.DbMigrate      : Current version of schema "public": << Empty Schema >>
2026-08-04T00:38:58.197+09:00  INFO 12788 --- [med-assist-server] [    Test worker] o.f.core.internal.command.DbMigrate      : Migrating schema "public" to version "1 - initial schema"
2026-08-04T00:38:58.214+09:00  INFO 12788 --- [med-assist-server] [    Test worker] o.f.core.internal.command.DbMigrate      : Successfully applied 1 migration to schema "public", now at version v1 (execution time 00:00.012s)
2026-08-04T00:38:58.255+09:00  INFO 12788 --- [med-assist-server] [    Test worker] o.hibernate.jpa.internal.util.LogHelper  : HHH000204: Processing PersistenceUnitInfo [name: default]
2026-08-04T00:38:58.281+09:00  INFO 12788 --- [med-assist-server] [    Test worker] org.hibernate.Version                    : HHH000412: Hibernate ORM core version 6.6.49.Final
2026-08-04T00:38:58.295+09:00  INFO 12788 --- [med-assist-server] [    Test worker] o.h.c.internal.RegionFactoryInitiator    : HHH000026: Second-level cache disabled
2026-08-04T00:38:58.407+09:00  INFO 12788 --- [med-assist-server] [    Test worker] o.s.o.j.p.SpringPersistenceUnitInfo      : No LoadTimeWeaver setup: ignoring JPA class transformer
2026-08-04T00:38:58.427+09:00  WARN 12788 --- [med-assist-server] [    Test worker] org.hibernate.orm.deprecation            : HHH90000025: H2Dialect does not need to be specified explicitly using 'hibernate.dialect' (remove the property setting and it will be selected by default)
2026-08-04T00:38:58.432+09:00  INFO 12788 --- [med-assist-server] [    Test worker] org.hibernate.orm.connections.pooling    : HHH10001005: Database info:
	Database JDBC URL [Connecting through datasource 'HikariDataSource (HikariPool-1)']
	Database driver: undefined/unknown
	Database version: 2.3.232
	Autocommit mode: undefined/unknown
	Isolation level: undefined/unknown
	Minimum pool size: undefined/unknown
	Maximum pool size: undefined/unknown
2026-08-04T00:38:58.567+09:00  INFO 12788 --- [med-assist-server] [    Test worker] o.h.e.t.j.p.i.JtaPlatformInitiator       : HHH000489: No JTA platform available (set 'hibernate.transaction.jta.platform' to enable JTA platform integration)
2026-08-04T00:38:58.569+09:00  INFO 12788 --- [med-assist-server] [    Test worker] j.LocalContainerEntityManagerFactoryBean : Initialized JPA EntityManagerFactory for persistence unit 'default'
2026-08-04T00:38:58.653+09:00  WARN 12788 --- [med-assist-server] [    Test worker] .s.s.UserDetailsServiceAutoConfiguration : 

Using generated security password: 0f0e5c6b-17be-4e45-a56c-074d9b418f23

This generated password is for development use only. Your security configuration must be updated before running your application in production.

2026-08-04T00:38:58.656+09:00  INFO 12788 --- [med-assist-server] [    Test worker] r$InitializeUserDetailsManagerConfigurer : Global AuthenticationManager configured with UserDetailsService bean with name inMemoryUserDetailsManager
2026-08-04T00:38:59.041+09:00  INFO 12788 --- [med-assist-server] [    Test worker] o.s.b.a.e.web.EndpointLinksResolver      : Exposing 3 endpoints beneath base path '/actuator'
2026-08-04T00:38:59.079+09:00  INFO 12788 --- [med-assist-server] [    Test worker] o.s.b.t.m.w.SpringBootMockServletContext : Initializing Spring TestDispatcherServlet ''
2026-08-04T00:38:59.079+09:00  INFO 12788 --- [med-assist-server] [    Test worker] o.s.t.web.servlet.TestDispatcherServlet  : Initializing Servlet ''
2026-08-04T00:38:59.079+09:00  INFO 12788 --- [med-assist-server] [    Test worker] o.s.t.web.servlet.TestDispatcherServlet  : Completed initialization in 0 ms
2026-08-04T00:38:59.109+09:00  INFO 12788 --- [med-assist-server] [    Test worker] c.h.medassist.api.ApiControllerTest      : Started ApiControllerTest in 1.823 seconds (process running for 2.287)
]]></system-out>
  <system-err><![CDATA[Mockito is currently self-attaching to enable the inline-mock-maker. This will no longer work in future releases of the JDK. Please add Mockito as an agent to your build as described in Mockito's documentation: https://javadoc.io/doc/org.mockito/mockito-core/latest/org.mockito/org/mockito/Mockito.html#0.3
WARNING: A Java agent has been loaded dynamically (/Users/k_tmdrua/Documents/AX해커톤/.gradle-user-home/caches/modules-2/files-2.1/net.bytebuddy/byte-buddy-agent/1.17.8/f09415827a71be7ed621c7bd02550678f28bc81c/byte-buddy-agent-1.17.8.jar)
WARNING: If a serviceability tool is in use, please run with -XX:+EnableDynamicAgentLoading to hide this warning
WARNING: If a serviceability tool is not in use, please run with -Djdk.instrument.traceUsage for more information
WARNING: Dynamic loading of agents will be disallowed by default in a future release
]]></system-err>
</testsuite>
